0 info it worked if it ends with ok
1 verbose cli [ 'E:\\软件\\node\\node.exe',
1 verbose cli   'E:\\软件\\node\\node_modules\\npm\\bin\\npm-cli.js',
1 verbose cli   'install',
1 verbose cli   'express-connection',
1 verbose cli   '--save' ]
2 info using npm@2.14.12
3 info using node@v4.3.2
4 verbose install initial load of E:\学习空间\小程序\wxDemo2\package.json
5 verbose installManyTop reading scoped package data from E:\学习空间\小程序\wxDemo2\node_modules\body-parser\package.json
6 verbose installManyTop reading scoped package data from E:\学习空间\小程序\wxDemo2\node_modules\express\package.json
7 verbose installManyTop reading scoped package data from E:\学习空间\小程序\wxDemo2\node_modules\mysql\package.json
8 verbose readDependencies loading dependencies from E:\学习空间\小程序\wxDemo2\package.json
9 silly cache add args [ 'express-connection', null ]
10 verbose cache add spec express-connection
11 silly cache add parsed spec Result {
11 silly cache add   raw: 'express-connection',
11 silly cache add   scope: null,
11 silly cache add   name: 'express-connection',
11 silly cache add   rawSpec: '',
11 silly cache add   spec: 'latest',
11 silly cache add   type: 'tag' }
12 silly addNamed express-connection@latest
13 verbose addNamed "latest" is being treated as a dist-tag for express-connection
14 info addNameTag [ 'express-connection', 'latest' ]
15 silly mapToRegistry name express-connection
16 silly mapToRegistry using default registry
17 silly mapToRegistry registry https://registry.npmjs.org/
18 silly mapToRegistry uri https://registry.npmjs.org/express-connection
19 verbose addNameTag registry:https://registry.npmjs.org/express-connection not in flight; fetching
20 verbose request uri https://registry.npmjs.org/express-connection
21 verbose request no auth needed
22 info attempt registry request try #1 at 09:33:53
23 verbose request id c2550bf9508a35d6
24 http request GET https://registry.npmjs.org/express-connection
25 http 404 https://registry.npmjs.org/express-connection
26 verbose headers { 'content-type': 'application/json',
26 verbose headers   'cache-control': 'max-age=0',
26 verbose headers   'content-length': '2',
26 verbose headers   'accept-ranges': 'bytes',
26 verbose headers   date: 'Mon, 13 Feb 2017 01:33:57 GMT',
26 verbose headers   via: '1.1 varnish',
26 verbose headers   age: '0',
26 verbose headers   connection: 'keep-alive',
26 verbose headers   'x-served-by': 'cache-nrt6129-NRT',
26 verbose headers   'x-cache': 'MISS',
26 verbose headers   'x-cache-hits': '0',
26 verbose headers   'x-timer': 'S1486949637.195259,VS0,VE705',
26 verbose headers   vary: 'Accept-Encoding' }
27 silly get cb [ 404,
27 silly get   { 'content-type': 'application/json',
27 silly get     'cache-control': 'max-age=0',
27 silly get     'content-length': '2',
27 silly get     'accept-ranges': 'bytes',
27 silly get     date: 'Mon, 13 Feb 2017 01:33:57 GMT',
27 silly get     via: '1.1 varnish',
27 silly get     age: '0',
27 silly get     connection: 'keep-alive',
27 silly get     'x-served-by': 'cache-nrt6129-NRT',
27 silly get     'x-cache': 'MISS',
27 silly get     'x-cache-hits': '0',
27 silly get     'x-timer': 'S1486949637.195259,VS0,VE705',
27 silly get     vary: 'Accept-Encoding' } ]
28 verbose stack Error: Registry returned 404 for GET on https://registry.npmjs.org/express-connection
28 verbose stack     at makeError (E:\软件\node\node_modules\npm\node_modules\npm-registry-client\lib\request.js:264:12)
28 verbose stack     at CachingRegistryClient.<anonymous> (E:\软件\node\node_modules\npm\node_modules\npm-registry-client\lib\request.js:242:14)
28 verbose stack     at Request._callback (E:\软件\node\node_modules\npm\node_modules\npm-registry-client\lib\request.js:172:14)
28 verbose stack     at Request.self.callback (E:\软件\node\node_modules\npm\node_modules\request\request.js:198:22)
28 verbose stack     at emitTwo (events.js:87:13)
28 verbose stack     at Request.emit (events.js:172:7)
28 verbose stack     at Request.<anonymous> (E:\软件\node\node_modules\npm\node_modules\request\request.js:1082:10)
28 verbose stack     at emitOne (events.js:82:20)
28 verbose stack     at Request.emit (events.js:169:7)
28 verbose stack     at IncomingMessage.<anonymous> (E:\软件\node\node_modules\npm\node_modules\request\request.js:1009:12)
29 verbose statusCode 404
30 verbose pkgid express-connection
31 verbose cwd E:\学习空间\小程序\wxDemo2
32 error Windows_NT 6.1.7601
33 error argv "E:\\软件\\node\\node.exe" "E:\\软件\\node\\node_modules\\npm\\bin\\npm-cli.js" "install" "express-connection" "--save"
34 error node v4.3.2
35 error npm  v2.14.12
36 error code E404
37 error 404 Registry returned 404 for GET on https://registry.npmjs.org/express-connection
37 error 404
37 error 404 'express-connection' is not in the npm registry.
37 error 404 You should bug the author to publish it (or use the name yourself!)
37 error 404 It was specified as a dependency of 'temp'
37 error 404
37 error 404 Note that you can also install from a
37 error 404 tarball, folder, http url, or git url.
38 verbose exit [ 1, true ]
